mode: set
tutorial-auth/internal/server/controllers/auth.go:19.48,20.23 1 1
tutorial-auth/internal/server/controllers/auth.go:20.23,22.3 1 1
tutorial-auth/internal/server/controllers/auth.go:24.2,24.26 1 1
tutorial-auth/internal/server/controllers/auth.go:24.26,26.3 1 1
tutorial-auth/internal/server/controllers/auth.go:28.2,28.18 1 1
tutorial-auth/internal/server/controllers/auth.go:48.95,53.2 1 1
tutorial-auth/internal/server/controllers/auth.go:55.60,62.2 1 1
tutorial-auth/internal/server/controllers/auth.go:64.44,66.2 1 1
tutorial-auth/internal/server/controllers/auth.go:68.65,69.34 1 1
tutorial-auth/internal/server/controllers/auth.go:69.34,72.44 3 0
tutorial-auth/internal/server/controllers/auth.go:72.44,74.4 1 0
tutorial-auth/internal/server/controllers/auth.go:75.3,75.58 1 0
tutorial-auth/internal/server/controllers/auth.go:75.58,80.4 1 0
tutorial-auth/internal/server/controllers/auth.go:81.3,88.5 1 0
tutorial-auth/internal/server/controllers/controller.go:22.36,24.2 1 1
tutorial-auth/internal/server/controllers/controller.go:26.57,28.2 1 0
tutorial-auth/internal/server/controllers/controller.go:30.38,32.2 1 1
tutorial-auth/internal/server/controllers/register.go:19.52,20.23 1 1
tutorial-auth/internal/server/controllers/register.go:20.23,22.3 1 1
tutorial-auth/internal/server/controllers/register.go:24.2,24.26 1 1
tutorial-auth/internal/server/controllers/register.go:24.26,26.3 1 1
tutorial-auth/internal/server/controllers/register.go:28.2,28.33 1 1
tutorial-auth/internal/server/controllers/register.go:28.33,30.3 1 1
tutorial-auth/internal/server/controllers/register.go:32.2,32.37 1 1
tutorial-auth/internal/server/controllers/register.go:32.37,34.3 1 1
tutorial-auth/internal/server/controllers/register.go:36.2,36.18 1 1
tutorial-auth/internal/server/controllers/register.go:56.103,61.2 1 1
tutorial-auth/internal/server/controllers/register.go:63.64,70.2 1 1
tutorial-auth/internal/server/controllers/register.go:72.48,74.2 1 1
tutorial-auth/internal/server/controllers/register.go:76.73,77.34 1 1
tutorial-auth/internal/server/controllers/register.go:77.34,80.44 3 0
tutorial-auth/internal/server/controllers/register.go:80.44,82.4 1 0
tutorial-auth/internal/server/controllers/register.go:83.3,83.62 1 0
tutorial-auth/internal/server/controllers/register.go:83.62,88.4 1 0
tutorial-auth/internal/server/controllers/register.go:89.3,96.5 1 0
